[0711/165423.298:ERROR:prune_crash_reports.cc(34)] PruneCrashReportDatabase: Failed to get pending reports
[0716/094532.950:ERROR:prune_crash_reports.cc(34)] PruneCrashReportDatabase: Failed to get pending reports
[0719/100958.935:ERROR:file_io_win.cc(161)] CreateFile C:\Users\SNANDK~1.DAL\AppData\Local\Temp\scoped_dir49668_22872\Crashpad\settings.dat: The system cannot find the file specified. (0x2)
[0719/100958.934:ERROR:scoped_process_suspend.cc(40)] NtResumeProcess: An attempt was made to access an exiting process. (0xc000010a)
[0801/094934.488:ERROR:prune_crash_reports.cc(34)] PruneCrashReportDatabase: Failed to get pending reports
[0602/202051.165:ERROR:crash_report_database_win.cc(558)] GetFileAttributes C:\Users\PVIJAY~1.THA\AppData\Local\Temp\scoped_dir17048_1130270931\Crashpad: The system cannot find the file specified. (0x2)
[0602/202118.042:ERROR:crash_report_database_win.cc(558)] GetFileAttributes C:\Users\PVIJAY~1.THA\AppData\Local\Temp\scoped_dir16140_1955627922\Crashpad: The system cannot find the file specified. (0x2)
[0603/102248.936:ERROR:crash_report_database_win.cc(558)] GetFileAttributes C:\Users\PVIJAY~1.THA\AppData\Local\Temp\scoped_dir6728_299993467\Crashpad: The system cannot find the file specified. (0x2)
[0603/103653.397:ERROR:crash_report_database_win.cc(558)] GetFileAttributes C:\Users\PVIJAY~1.THA\AppData\Local\Temp\scoped_dir12784_28448830\Crashpad: The system cannot find the file specified. (0x2)
[0603/132409.123:ERROR:crash_report_database_win.cc(558)] GetFileAttributes C:\Users\PVIJAY~1.THA\AppData\Local\Temp\scoped_dir4836_1973147037\Crashpad: The system cannot find the file specified. (0x2)
[0603/133151.349:ERROR:crash_report_database_win.cc(558)] GetFileAttributes C:\Users\PVIJAY~1.THA\AppData\Local\Temp\scoped_dir14260_1811583789\Crashpad: The system cannot find the file specified. (0x2)
[0604/115726.895:ERROR:crash_report_database_win.cc(558)] GetFileAttributes C:\Users\PVIJAY~1.THA\AppData\Local\Temp\scoped_dir4436_2106710485\Crashpad: The system cannot find the file specified. (0x2)
[0604/121343.725:ERROR:crash_report_database_win.cc(558)] GetFileAttributes C:\Users\PVIJAY~1.THA\AppData\Local\Temp\scoped_dir5416_1631425473\Crashpad: The system cannot find the file specified. (0x2)
[0606/094523.172:ERROR:crash_report_database_win.cc(558)] GetFileAttributes C:\Users\PVIJAY~1.THA\AppData\Local\Temp\scoped_dir5488_1446327852\Crashpad: The system cannot find the file specified. (0x2)
[0607/162356.190:ERROR:crash_report_database_win.cc(558)] GetFileAttributes C:\Users\PVIJAY~1.THA\AppData\Local\Temp\scoped_dir13056_883605632\Crashpad: The system cannot find the file specified. (0x2)
[0607/162523.869:ERROR:crash_report_database_win.cc(558)] GetFileAttributes C:\Users\PVIJAY~1.THA\AppData\Local\Temp\scoped_dir5700_727172080\Crashpad: The system cannot find the file specified. (0x2)
[0607/164929.662:ERROR:crash_report_database_win.cc(558)] GetFileAttributes C:\Users\PVIJAY~1.THA\AppData\Local\Temp\scoped_dir12252_1769737420\Crashpad: The system cannot find the file specified. (0x2)
[0608/135803.243:ERROR:crash_report_database_win.cc(558)] GetFileAttributes C:\Users\PVIJAY~1.THA\AppData\Local\Temp\scoped_dir11132_571172215\Crashpad: The system cannot find the file specified. (0x2)
[0608/140246.636:ERROR:crash_report_database_win.cc(558)] GetFileAttributes C:\Users\PVIJAY~1.THA\AppData\Local\Temp\scoped_dir19720_1964139562\Crashpad: The system cannot find the file specified. (0x2)
[0609/122116.826:ERROR:crash_report_database_win.cc(558)] GetFileAttributes C:\Users\PVIJAY~1.THA\AppData\Local\Temp\scoped_dir8368_773548411\Crashpad: The system cannot find the file specified. (0x2)
[0610/105556.761:ERROR:crash_report_database_win.cc(558)] GetFileAttributes C:\Users\PVIJAY~1.THA\AppData\Local\Temp\scoped_dir24416_982250461\Crashpad: The system cannot find the file specified. (0x2)
[0610/123354.767:ERROR:crash_report_database_win.cc(558)] GetFileAttributes C:\Users\PVIJAY~1.THA\AppData\Local\Temp\scoped_dir20828_1291669457\Crashpad: The system cannot find the file specified. (0x2)
[0610/154258.513:ERROR:crash_report_database_win.cc(558)] GetFileAttributes C:\Users\PVIJAY~1.THA\AppData\Local\Temp\scoped_dir14888_727862110\Crashpad: The system cannot find the file specified. (0x2)
[0610/164215.802:ERROR:crash_report_database_win.cc(558)] GetFileAttributes C:\Users\PVIJAY~1.THA\AppData\Local\Temp\scoped_dir18172_40366061\Crashpad: The system cannot find the file specified. (0x2)
[0711/172613.915:ERROR:crash_report_database_win.cc(558)] GetFileAttributes C:\Users\PVIJAY~1.THA\AppData\Local\Temp\scoped_dir18212_1017947781\Crashpad: The system cannot find the file specified. (0x2)
[0711/174112.237:ERROR:crash_report_database_win.cc(558)] GetFileAttributes C:\Users\PVIJAY~1.THA\AppData\Local\Temp\scoped_dir15004_1311686739\Crashpad: The system cannot find the file specified. (0x2)
[0713/172006.520:ERROR:crash_report_database_win.cc(558)] GetFileAttributes C:\Users\PVIJAY~1.THA\AppData\Local\Temp\scoped_dir9376_827480053\Crashpad: The system cannot find the file specified. (0x2)
[0713/210035.736:ERROR:crash_report_database_win.cc(558)] GetFileAttributes C:\Users\PVIJAY~1.THA\AppData\Local\Temp\scoped_dir17720_1558470049\Crashpad: The system cannot find the file specified. (0x2)
[0714/004320.175:ERROR:crash_report_database_win.cc(558)] GetFileAttributes C:\Users\PVIJAY~1.THA\AppData\Local\Temp\scoped_dir14592_181627806\Crashpad: The system cannot find the file specified. (0x2)
[0714/132635.491:ERROR:crash_report_database_win.cc(558)] GetFileAttributes C:\Users\PVIJAY~1.THA\AppData\Local\Temp\scoped_dir21144_77734862\Crashpad: The system cannot find the file specified. (0x2)
[0714/134242.734:ERROR:crash_report_database_win.cc(558)] GetFileAttributes C:\Users\PVIJAY~1.THA\AppData\Local\Temp\scoped_dir22944_496928424\Crashpad: The system cannot find the file specified. (0x2)
[0714/213706.604:ERROR:crash_report_database_win.cc(558)] GetFileAttributes C:\Users\PVIJAY~1.THA\AppData\Local\Temp\scoped_dir28288_865926988\Crashpad: The system cannot find the file specified. (0x2)
[0715/204202.618:ERROR:crash_report_database_win.cc(558)] GetFileAttributes C:\Users\PVIJAY~1.THA\AppData\Local\Temp\scoped_dir32032_415550126\Crashpad: The system cannot find the file specified. (0x2)
[0716/235024.846:ERROR:crash_report_database_win.cc(558)] GetFileAttributes C:\Users\PVIJAY~1.THA\AppData\Local\Temp\scoped_dir18152_1479933266\Crashpad: The system cannot find the file specified. (0x2)
[0720/221842.677:ERROR:crash_report_database_win.cc(558)] GetFileAttributes C:\Users\PVIJAY~1.THA\AppData\Local\Temp\scoped_dir18996_425392888\Crashpad: The system cannot find the file specified. (0x2)
[0721/232639.389:ERROR:crash_report_database_win.cc(558)] GetFileAttributes C:\Users\PVIJAY~1.THA\AppData\Local\Temp\scoped_dir12940_609465338\Crashpad: The system cannot find the file specified. (0x2)
[0728/193618.920:ERROR:crash_report_database_win.cc(558)] GetFileAttributes C:\Users\PVIJAY~1.THA\AppData\Local\Temp\scoped_dir4064_461416120\Crashpad: The system cannot find the file specified. (0x2)
[0728/203743.570:ERROR:crash_report_database_win.cc(558)] GetFileAttributes C:\Users\PVIJAY~1.THA\AppData\Local\Temp\scoped_dir660_1397257440\Crashpad: The system cannot find the file specified. (0x2)
[0729/020906.022:ERROR:crash_report_database_win.cc(558)] GetFileAttributes C:\Users\PVIJAY~1.THA\AppData\Local\Temp\scoped_dir23364_1575318932\Crashpad: The system cannot find the file specified. (0x2)
[0729/230231.894:ERROR:crash_report_database_win.cc(558)] GetFileAttributes C:\Users\PVIJAY~1.THA\AppData\Local\Temp\scoped_dir5584_403242010\Crashpad: The system cannot find the file specified. (0x2)
[0729/230713.700:ERROR:crash_report_database_win.cc(558)] GetFileAttributes C:\Users\PVIJAY~1.THA\AppData\Local\Temp\scoped_dir428_116727192\Crashpad: The system cannot find the file specified. (0x2)
[0730/205716.331:ERROR:crash_report_database_win.cc(558)] GetFileAttributes C:\Users\PVIJAY~1.THA\AppData\Local\Temp\scoped_dir17808_903754461\Crashpad: The system cannot find the file specified. (0x2)
[0730/210636.567:ERROR:crash_report_database_win.cc(558)] GetFileAttributes C:\Users\PVIJAY~1.THA\AppData\Local\Temp\scoped_dir10900_980002556\Crashpad: The system cannot find the file specified. (0x2)
[0730/212607.167:ERROR:crash_report_database_win.cc(558)] GetFileAttributes C:\Users\PVIJAY~1.THA\AppData\Local\Temp\scoped_dir12764_44589739\Crashpad: The system cannot find the file specified. (0x2)
[0803/162018.285:ERROR:crash_report_database_win.cc(558)] GetFileAttributes C:\Users\PVIJAY~1.THA\AppData\Local\Temp\scoped_dir9116_1153956498\Crashpad: The system cannot find the file specified. (0x2)
[0803/230659.362:ERROR:crash_report_database_win.cc(558)] GetFileAttributes C:\Users\PVIJAY~1.THA\AppData\Local\Temp\scoped_dir8024_1916320836\Crashpad: The system cannot find the file specified. (0x2)
[0803/235628.818:ERROR:crash_report_database_win.cc(558)] GetFileAttributes C:\Users\PVIJAY~1.THA\AppData\Local\Temp\scoped_dir3172_1184978174\Crashpad: The system cannot find the file specified. (0x2)
[0804/180741.343:ERROR:crash_report_database_win.cc(558)] GetFileAttributes C:\Users\PVIJAY~1.THA\AppData\Local\Temp\scoped_dir17736_2008277381\Crashpad: The system cannot find the file specified. (0x2)
[0804/201154.899:ERROR:crash_report_database_win.cc(558)] GetFileAttributes C:\Users\PVIJAY~1.THA\AppData\Local\Temp\scoped_dir13904_1462282094\Crashpad: The system cannot find the file specified. (0x2)
[0804/214901.007:ERROR:crash_report_database_win.cc(558)] GetFileAttributes C:\Users\PVIJAY~1.THA\AppData\Local\Temp\scoped_dir11144_709847636\Crashpad: The system cannot find the file specified. (0x2)
[0810/155734.022:ERROR:crash_report_database_win.cc(558)] GetFileAttributes C:\Users\PVIJAY~1.THA\AppData\Local\Temp\scoped_dir18068_508956477\Crashpad: The system cannot find the file specified. (0x2)
[0811/002104.920:ERROR:crash_report_database_win.cc(558)] GetFileAttributes C:\Users\PVIJAY~1.THA\AppData\Local\Temp\scoped_dir420_1828521540\Crashpad: The system cannot find the file specified. (0x2)
[0813/193641.963:ERROR:crash_report_database_win.cc(558)] GetFileAttributes C:\Users\PVIJAY~1.THA\AppData\Local\Temp\scoped_dir14428_508681308\Crashpad: The system cannot find the file specified. (0x2)
[0815/230308.896:ERROR:crash_report_database_win.cc(558)] GetFileAttributes C:\Users\PVIJAY~1.THA\AppData\Local\Temp\scoped_dir1772_1630463460\Crashpad: The system cannot find the file specified. (0x2)
[0817/011214.403:ERROR:crash_report_database_win.cc(558)] GetFileAttributes C:\Users\PVIJAY~1.THA\AppData\Local\Temp\scoped_dir17308_1336669375\Crashpad: The system cannot find the file specified. (0x2)
[0817/205138.899:ERROR:crash_report_database_win.cc(558)] GetFileAttributes C:\Users\PVIJAY~1.THA\AppData\Local\Temp\scoped_dir17004_1946265416\Crashpad: The system cannot find the file specified. (0x2)
[0818/233332.472:ERROR:crash_report_database_win.cc(558)] GetFileAttributes C:\Users\PVIJAY~1.THA\AppData\Local\Temp\scoped_dir21088_782183905\Crashpad: The system cannot find the file specified. (0x2)
[1119/114306.625:ERROR:directory_reader_win.cc(43)] FindFirstFile: The system cannot find the path specified. (0x3)
